# JRE version: Java(TM) SE Runtime Environment (8.0_221-b11) (build 1.8.0_221-b11)
# Java VM: Java HotSpot(TM) 64-Bit Server VM (25.221-b11 mixed mode windows-amd64 compressed oops)
Heap:
 PSYoungGen      total 186880K, used 144054K [0x00000000eb300000, 0x00000000fb200000, 0x0000000100000000)
  eden space 171008K, 84% used [0x00000000eb300000,0x00000000f3fadbf8,0x00000000f5a00000)
  from space 15872K, 0% used [0x00000000f5a00000,0x00000000f5a00000,0x00000000f6980000)
  to   space 15872K, 0% used [0x00000000fa280000,0x00000000fa280000,0x00000000fb200000)
 ParOldGen       total 70144K, used 24454K [0x00000000c1800000, 0x00000000c5c80000, 0x00000000eb300000)
  object space 70144K, 34% used [0x00000000c1800000,0x00000000c2fe18c0,0x00000000c5c80000)
 Metaspace       used 65276K, capacity 68390K, committed 68608K, reserved 1107968K
  class space    used 8869K, capacity 9380K, committed 9472K, reserved 1048576K
GC Heap History (10 events):
Event: 21.852 GC heap before
{Heap before GC invocations=14 (full 2):
 PSYoungGen      total 137216K, used 3667K [0x00000000eb300000, 0x00000000f4500000, 0x0000000100000000)
  eden space 129024K, 0% used [0x00000000eb300000,0x00000000eb300000,0x00000000f3100000)
  from space 8192K, 44% used [0x00000000f3d00000,0x00000000f4094ce0,0x00000000f4500000)
  to   space 10240K, 0% used [0x00000000f3100000,0x00000000f3100000,0x00000000f3b00000)
 ParOldGen       total 30720K, used 16547K [0x00000000c1800000, 0x00000000c3600000, 0x00000000eb300000)
  object space 30720K, 53% used [0x00000000c1800000,0x00000000c2828e08,0x00000000c3600000)
 Metaspace       used 33763K, capacity 35362K, committed 35416K, reserved 1079296K
  class space    used 4357K, capacity 4684K, committed 4736K, reserved 1048576K
Event: 21.995 GC heap after
Heap after GC invocations=14 (full 2):
 PSYoungGen      total 137216K, used 0K [0x00000000eb300000, 0x00000000f4500000, 0x0000000100000000)
  eden space 129024K, 0% used [0x00000000eb300000,0x00000000eb300000,0x00000000f3100000)
  from space 8192K, 0% used [0x00000000f3d00000,0x00000000f3d00000,0x00000000f4500000)
  to   space 10240K, 0% used [0x00000000f3100000,0x00000000f3100000,0x00000000f3b00000)
 ParOldGen       total 50688K, used 16307K [0x00000000c1800000, 0x00000000c4980000, 0x00000000eb300000)
  object space 50688K, 32% used [0x00000000c1800000,0x00000000c27ecd08,0x00000000c4980000)
 Metaspace       used 33763K, capacity 35362K, committed 35416K, reserved 1079296K
  class space    used 4357K, capacity 4684K, committed 4736K, reserved 1048576K
}
Event: 26.590 GC heap before
{Heap before GC invocations=15 (full 2):
 PSYoungGen      total 137216K, used 129024K [0x00000000eb300000, 0x00000000f4500000, 0x0000000100000000)
  eden space 129024K, 100% used [0x00000000eb300000,0x00000000f3100000,0x00000000f3100000)
  from space 8192K, 0% used [0x00000000f3d00000,0x00000000f3d00000,0x00000000f4500000)
  to   space 10240K, 0% used [0x00000000f3100000,0x00000000f3100000,0x00000000f3b00000)
 ParOldGen       total 50688K, used 16307K [0x00000000c1800000, 0x00000000c4980000, 0x00000000eb300000)
  object space 50688K, 32% used [0x00000000c1800000,0x00000000c27ecd08,0x00000000c4980000)
 Metaspace       used 42856K, capacity 44596K, committed 45056K, reserved 1087488K
  class space    used 5702K, capacity 6027K, committed 6144K, reserved 1048576K
Event: 26.612 GC heap after
Heap after GC invocations=15 (full 2):
 PSYoungGen      total 139264K, used 10232K [0x00000000eb300000, 0x00000000f7500000, 0x0000000100000000)
  eden space 129024K, 0% used [0x00000000eb300000,0x00000000eb300000,0x00000000f3100000)
  from space 10240K, 99% used [0x00000000f3100000,0x00000000f3afe080,0x00000000f3b00000)
  to   space 11776K, 0% used [0x00000000f6980000,0x00000000f6980000,0x00000000f7500000)
 ParOldGen       total 50688K, used 17427K [0x00000000c1800000, 0x00000000c4980000, 0x00000000eb300000)
  object space 50688K, 34% used [0x00000000c1800000,0x00000000c2904c90,0x00000000c4980000)
 Metaspace       used 42856K, capacity 44596K, committed 45056K, reserved 1087488K
  class space    used 5702K, capacity 6027K, committed 6144K, reserved 1048576K
}
Event: 39.940 GC heap before
{Heap before GC invocations=16 (full 2):
 PSYoungGen      total 139264K, used 139256K [0x00000000eb300000, 0x00000000f7500000, 0x0000000100000000)
  eden space 129024K, 100% used [0x00000000eb300000,0x00000000f3100000,0x00000000f3100000)
  from space 10240K, 99% used [0x00000000f3100000,0x00000000f3afe080,0x00000000f3b00000)
  to   space 11776K, 0% used [0x00000000f6980000,0x00000000f6980000,0x00000000f7500000)
 ParOldGen       total 50688K, used 17427K [0x00000000c1800000, 0x00000000c4980000, 0x00000000eb300000)
  object space 50688K, 34% used [0x00000000c1800000,0x00000000c2904c90,0x00000000c4980000)
 Metaspace       used 55298K, capacity 57726K, committed 57984K, reserved 1099776K
  class space    used 7534K, capacity 7960K, committed 8064K, reserved 1048576K
Event: 39.978 GC heap after
Heap after GC invocations=16 (full 2):
 PSYoungGen      total 182784K, used 11761K [0x00000000eb300000, 0x00000000f7900000, 0x0000000100000000)
  eden space 171008K, 0% used [0x00000000eb300000,0x00000000eb300000,0x00000000f5a00000)
  from space 11776K, 99% used [0x00000000f6980000,0x00000000f74fc6a8,0x00000000f7500000)
  to   space 15872K, 0% used [0x00000000f5a00000,0x00000000f5a00000,0x00000000f6980000)
 ParOldGen       total 50688K, used 23525K [0x00000000c1800000, 0x00000000c4980000, 0x00000000eb300000)
  object space 50688K, 46% used [0x00000000c1800000,0x00000000c2ef9490,0x00000000c4980000)
 Metaspace       used 55298K, capacity 57726K, committed 57984K, reserved 1099776K
  class space    used 7534K, capacity 7960K, committed 8064K, reserved 1048576K
}
Event: 41.645 GC heap before
{Heap before GC invocations=17 (full 2):
 PSYoungGen      total 182784K, used 37779K [0x00000000eb300000, 0x00000000f7900000, 0x0000000100000000)
  eden space 171008K, 15% used [0x00000000eb300000,0x00000000ecc68670,0x00000000f5a00000)
  from space 11776K, 99% used [0x00000000f6980000,0x00000000f74fc6a8,0x00000000f7500000)
  to   space 15872K, 0% used [0x00000000f5a00000,0x00000000f5a00000,0x00000000f6980000)
 ParOldGen       total 50688K, used 23525K [0x00000000c1800000, 0x00000000c4980000, 0x00000000eb300000)
  object space 50688K, 46% used [0x00000000c1800000,0x00000000c2ef9490,0x00000000c4980000)
 Metaspace       used 56510K, capacity 58938K, committed 59028K, reserved 1099776K
  class space    used 7675K, capacity 8108K, committed 8192K, reserved 1048576K
Event: 41.672 GC heap after
Heap after GC invocations=17 (full 2):
 PSYoungGen      total 186880K, used 2066K [0x00000000eb300000, 0x00000000fb200000, 0x0000000100000000)
  eden space 171008K, 0% used [0x00000000eb300000,0x00000000eb300000,0x00000000f5a00000)
  from space 15872K, 13% used [0x00000000f5a00000,0x00000000f5c048d8,0x00000000f6980000)
  to   space 15872K, 0% used [0x00000000fa280000,0x00000000fa280000,0x00000000fb200000)
 ParOldGen       total 50688K, used 27637K [0x00000000c1800000, 0x00000000c4980000, 0x00000000eb300000)
  object space 50688K, 54% used [0x00000000c1800000,0x00000000c32fd4f0,0x00000000c4980000)
 Metaspace       used 56510K, capacity 58938K, committed 59028K, reserved 1099776K
  class space    used 7675K, capacity 8108K, committed 8192K, reserved 1048576K
}
Event: 41.672 GC heap before
{Heap before GC invocations=18 (full 3):
 PSYoungGen      total 186880K, used 2066K [0x00000000eb300000, 0x00000000fb200000, 0x0000000100000000)
  eden space 171008K, 0% used [0x00000000eb300000,0x00000000eb300000,0x00000000f5a00000)
  from space 15872K, 13% used [0x00000000f5a00000,0x00000000f5c048d8,0x00000000f6980000)
  to   space 15872K, 0% used [0x00000000fa280000,0x00000000fa280000,0x00000000fb200000)
 ParOldGen       total 50688K, used 27637K [0x00000000c1800000, 0x00000000c4980000, 0x00000000eb300000)
  object space 50688K, 54% used [0x00000000c1800000,0x00000000c32fd4f0,0x00000000c4980000)
 Metaspace       used 56510K, capacity 58938K, committed 59028K, reserved 1099776K
  class space    used 7675K, capacity 8108K, committed 8192K, reserved 1048576K
Event: 42.132 GC heap after
Heap after GC invocations=18 (full 3):
 PSYoungGen      total 186880K, used 0K [0x00000000eb300000, 0x00000000fb200000, 0x0000000100000000)
  eden space 171008K, 0% used [0x00000000eb300000,0x00000000eb300000,0x00000000f5a00000)
  from space 15872K, 0% used [0x00000000f5a00000,0x00000000f5a00000,0x00000000f6980000)
  to   space 15872K, 0% used [0x00000000fa280000,0x00000000fa280000,0x00000000fb200000)
 ParOldGen       total 70144K, used 24454K [0x00000000c1800000, 0x00000000c5c80000, 0x00000000eb300000)
  object space 70144K, 34% used [0x00000000c1800000,0x00000000c2fe18c0,0x00000000c5c80000)
 Metaspace       used 56510K, capacity 58938K, committed 59028K, reserved 1099776K
  class space    used 7675K, capacity 8108K, committed 8192K, reserved 1048576K
}

