# JRE version: Java(TM) SE Runtime Environment (8.0_221-b11) (build 1.8.0_221-b11)
# Java VM: Java HotSpot(TM) 64-Bit Server VM (25.221-b11 mixed mode windows-amd64 compressed oops)
Heap:
 PSYoungGen      total 105984K, used 84080K [0x00000000eb300000, 0x00000000f2f80000, 0x0000000100000000)
  eden space 95232K, 80% used [0x00000000eb300000,0x00000000efd7f050,0x00000000f1000000)
  from space 10752K, 72% used [0x00000000f1000000,0x00000000f179d0c0,0x00000000f1a80000)
  to   space 11264K, 0% used [0x00000000f2480000,0x00000000f2480000,0x00000000f2f80000)
 ParOldGen       total 73216K, used 26709K [0x00000000c1800000, 0x00000000c5f80000, 0x00000000eb300000)
  object space 73216K, 36% used [0x00000000c1800000,0x00000000c32155f0,0x00000000c5f80000)
 Metaspace       used 65830K, capacity 68930K, committed 69140K, reserved 1110016K
  class space    used 8936K, capacity 9450K, committed 9532K, reserved 1048576K
GC Heap History (10 events):
Event: 38.145 GC heap before
{Heap before GC invocations=24 (full 2):
 PSYoungGen      total 75776K, used 73044K [0x00000000eb300000, 0x00000000f1100000, 0x0000000100000000)
  eden space 70144K, 100% used [0x00000000eb300000,0x00000000ef780000,0x00000000ef780000)
  from space 5632K, 51% used [0x00000000ef780000,0x00000000efa553e0,0x00000000efd00000)
  to   space 5632K, 0% used [0x00000000f0b80000,0x00000000f0b80000,0x00000000f1100000)
 ParOldGen       total 48128K, used 15440K [0x00000000c1800000, 0x00000000c4700000, 0x00000000eb300000)
  object space 48128K, 32% used [0x00000000c1800000,0x00000000c2714360,0x00000000c4700000)
 Metaspace       used 43801K, capacity 45558K, committed 45912K, reserved 1089536K
  class space    used 5831K, capacity 6156K, committed 6272K, reserved 1048576K
Event: 38.173 GC heap after
Heap after GC invocations=24 (full 2):
 PSYoungGen      total 87552K, used 5627K [0x00000000eb300000, 0x00000000f1600000, 0x0000000100000000)
  eden space 81920K, 0% used [0x00000000eb300000,0x00000000eb300000,0x00000000f0300000)
  from space 5632K, 99% used [0x00000000f0b80000,0x00000000f10fed98,0x00000000f1100000)
  to   space 8704K, 0% used [0x00000000f0300000,0x00000000f0300000,0x00000000f0b80000)
 ParOldGen       total 48128K, used 21036K [0x00000000c1800000, 0x00000000c4700000, 0x00000000eb300000)
  object space 48128K, 43% used [0x00000000c1800000,0x00000000c2c8b300,0x00000000c4700000)
 Metaspace       used 43801K, capacity 45558K, committed 45912K, reserved 1089536K
  class space    used 5831K, capacity 6156K, committed 6272K, reserved 1048576K
}
Event: 43.334 GC heap before
{Heap before GC invocations=25 (full 2):
 PSYoungGen      total 87552K, used 87547K [0x00000000eb300000, 0x00000000f1600000, 0x0000000100000000)
  eden space 81920K, 100% used [0x00000000eb300000,0x00000000f0300000,0x00000000f0300000)
  from space 5632K, 99% used [0x00000000f0b80000,0x00000000f10fed98,0x00000000f1100000)
  to   space 8704K, 0% used [0x00000000f0300000,0x00000000f0300000,0x00000000f0b80000)
 ParOldGen       total 48128K, used 21036K [0x00000000c1800000, 0x00000000c4700000, 0x00000000eb300000)
  object space 48128K, 43% used [0x00000000c1800000,0x00000000c2c8b300,0x00000000c4700000)
 Metaspace       used 51734K, capacity 53616K, committed 53976K, reserved 1095680K
  class space    used 7022K, capacity 7381K, committed 7424K, reserved 1048576K
Event: 43.361 GC heap after
Heap after GC invocations=25 (full 2):
 PSYoungGen      total 90624K, used 8402K [0x00000000eb300000, 0x00000000f2480000, 0x0000000100000000)
  eden space 81920K, 0% used [0x00000000eb300000,0x00000000eb300000,0x00000000f0300000)
  from space 8704K, 96% used [0x00000000f0300000,0x00000000f0b34b48,0x00000000f0b80000)
  to   space 9728K, 0% used [0x00000000f1b00000,0x00000000f1b00000,0x00000000f2480000)
 ParOldGen       total 48128K, used 24710K [0x00000000c1800000, 0x00000000c4700000, 0x00000000eb300000)
  object space 48128K, 51% used [0x00000000c1800000,0x00000000c3021ae0,0x00000000c4700000)
 Metaspace       used 51734K, capacity 53616K, committed 53976K, reserved 1095680K
  class space    used 7022K, capacity 7381K, committed 7424K, reserved 1048576K
}
Event: 48.935 GC heap before
{Heap before GC invocations=26 (full 2):
 PSYoungGen      total 90624K, used 66502K [0x00000000eb300000, 0x00000000f2480000, 0x0000000100000000)
  eden space 81920K, 70% used [0x00000000eb300000,0x00000000eebbd068,0x00000000f0300000)
  from space 8704K, 96% used [0x00000000f0300000,0x00000000f0b34b48,0x00000000f0b80000)
  to   space 9728K, 0% used [0x00000000f1b00000,0x00000000f1b00000,0x00000000f2480000)
 ParOldGen       total 48128K, used 24710K [0x00000000c1800000, 0x00000000c4700000, 0x00000000eb300000)
  object space 48128K, 51% used [0x00000000c1800000,0x00000000c3021ae0,0x00000000c4700000)
 Metaspace       used 56521K, capacity 58998K, committed 59028K, reserved 1099776K
  class space    used 7678K, capacity 8108K, committed 8124K, reserved 1048576K
Event: 48.961 GC heap after
Heap after GC invocations=26 (full 2):
 PSYoungGen      total 104960K, used 8203K [0x00000000eb300000, 0x00000000f2500000, 0x0000000100000000)
  eden space 95232K, 0% used [0x00000000eb300000,0x00000000eb300000,0x00000000f1000000)
  from space 9728K, 84% used [0x00000000f1b00000,0x00000000f2302c20,0x00000000f2480000)
  to   space 10752K, 0% used [0x00000000f1000000,0x00000000f1000000,0x00000000f1a80000)
 ParOldGen       total 48128K, used 24718K [0x00000000c1800000, 0x00000000c4700000, 0x00000000eb300000)
  object space 48128K, 51% used [0x00000000c1800000,0x00000000c3023ae0,0x00000000c4700000)
 Metaspace       used 56521K, capacity 58998K, committed 59028K, reserved 1099776K
  class space    used 7678K, capacity 8108K, committed 8124K, reserved 1048576K
}
Event: 48.961 GC heap before
{Heap before GC invocations=27 (full 3):
 PSYoungGen      total 104960K, used 8203K [0x00000000eb300000, 0x00000000f2500000, 0x0000000100000000)
  eden space 95232K, 0% used [0x00000000eb300000,0x00000000eb300000,0x00000000f1000000)
  from space 9728K, 84% used [0x00000000f1b00000,0x00000000f2302c20,0x00000000f2480000)
  to   space 10752K, 0% used [0x00000000f1000000,0x00000000f1000000,0x00000000f1a80000)
 ParOldGen       total 48128K, used 24718K [0x00000000c1800000, 0x00000000c4700000, 0x00000000eb300000)
  object space 48128K, 51% used [0x00000000c1800000,0x00000000c3023ae0,0x00000000c4700000)
 Metaspace       used 56521K, capacity 58998K, committed 59028K, reserved 1099776K
  class space    used 7678K, capacity 8108K, committed 8124K, reserved 1048576K
Event: 49.341 GC heap after
Heap after GC invocations=27 (full 3):
 PSYoungGen      total 104960K, used 0K [0x00000000eb300000, 0x00000000f2500000, 0x0000000100000000)
  eden space 95232K, 0% used [0x00000000eb300000,0x00000000eb300000,0x00000000f1000000)
  from space 9728K, 0% used [0x00000000f1b00000,0x00000000f1b00000,0x00000000f2480000)
  to   space 10752K, 0% used [0x00000000f1000000,0x00000000f1000000,0x00000000f1a80000)
 ParOldGen       total 73216K, used 26701K [0x00000000c1800000, 0x00000000c5f80000, 0x00000000eb300000)
  object space 73216K, 36% used [0x00000000c1800000,0x00000000c32135f0,0x00000000c5f80000)
 Metaspace       used 56521K, capacity 58998K, committed 59028K, reserved 1099776K
  class space    used 7678K, capacity 8108K, committed 8124K, reserved 1048576K
}
Event: 55.982 GC heap before
{Heap before GC invocations=28 (full 3):
 PSYoungGen      total 104960K, used 95232K [0x00000000eb300000, 0x00000000f2500000, 0x0000000100000000)
  eden space 95232K, 100% used [0x00000000eb300000,0x00000000f1000000,0x00000000f1000000)
  from space 9728K, 0% used [0x00000000f1b00000,0x00000000f1b00000,0x00000000f2480000)
  to   space 10752K, 0% used [0x00000000f1000000,0x00000000f1000000,0x00000000f1a80000)
 ParOldGen       total 73216K, used 26701K [0x00000000c1800000, 0x00000000c5f80000, 0x00000000eb300000)
  object space 73216K, 36% used [0x00000000c1800000,0x00000000c32135f0,0x00000000c5f80000)
 Metaspace       used 60311K, capacity 63272K, committed 63508K, reserved 1103872K
  class space    used 8257K, capacity 8753K, committed 8764K, reserved 1048576K
Event: 56.003 GC heap after
Heap after GC invocations=28 (full 3):
 PSYoungGen      total 105984K, used 7796K [0x00000000eb300000, 0x00000000f2f80000, 0x0000000100000000)
  eden space 95232K, 0% used [0x00000000eb300000,0x00000000eb300000,0x00000000f1000000)
  from space 10752K, 72% used [0x00000000f1000000,0x00000000f179d0c0,0x00000000f1a80000)
  to   space 11264K, 0% used [0x00000000f2480000,0x00000000f2480000,0x00000000f2f80000)
 ParOldGen       total 73216K, used 26709K [0x00000000c1800000, 0x00000000c5f80000, 0x00000000eb300000)
  object space 73216K, 36% used [0x00000000c1800000,0x00000000c32155f0,0x00000000c5f80000)
 Metaspace       used 60311K, capacity 63272K, committed 63508K, reserved 1103872K
  class space    used 8257K, capacity 8753K, committed 8764K, reserved 1048576K
}

