# JRE version: Java(TM) SE Runtime Environment (8.0_221-b11) (build 1.8.0_221-b11)
# Java VM: Java HotSpot(TM) 64-Bit Server VM (25.221-b11 mixed mode windows-amd64 compressed oops)
Heap:
 PSYoungGen      total 161280K, used 23175K [0x00000000eb300000, 0x00000000f6a00000, 0x0000000100000000)
  eden space 146432K, 5% used [0x00000000eb300000,0x00000000ebb5af30,0x00000000f4200000)
  from space 14848K, 98% used [0x00000000f4700000,0x00000000f5547030,0x00000000f5580000)
  to   space 20480K, 0% used [0x00000000f5600000,0x00000000f5600000,0x00000000f6a00000)
 ParOldGen       total 97792K, used 29614K [0x00000000c1800000, 0x00000000c7780000, 0x00000000eb300000)
  object space 97792K, 30% used [0x00000000c1800000,0x00000000c34ebbc0,0x00000000c7780000)
 Metaspace       used 66335K, capacity 69724K, committed 69976K, reserved 1110016K
  class space    used 8970K, capacity 9517K, committed 9600K, reserved 1048576K
GC Heap History (10 events):
Event: 12.192 GC heap before
{Heap before GC invocations=10 (full 2):
 PSYoungGen      total 140800K, used 10725K [0x00000000eb300000, 0x00000000f7e00000, 0x0000000100000000)
  eden space 130048K, 0% used [0x00000000eb300000,0x00000000eb300000,0x00000000f3200000)
  from space 10752K, 99% used [0x00000000f3f80000,0x00000000f49f9618,0x00000000f4a00000)
  to   space 13824K, 0% used [0x00000000f3200000,0x00000000f3200000,0x00000000f3f80000)
 ParOldGen       total 41984K, used 14320K [0x00000000c1800000, 0x00000000c4100000, 0x00000000eb300000)
  object space 41984K, 34% used [0x00000000c1800000,0x00000000c25fc000,0x00000000c4100000)
 Metaspace       used 33787K, capacity 35328K, committed 35416K, reserved 1079296K
  class space    used 4345K, capacity 4653K, committed 4736K, reserved 1048576K
Event: 12.388 GC heap after
Heap after GC invocations=10 (full 2):
 PSYoungGen      total 140800K, used 0K [0x00000000eb300000, 0x00000000f7e00000, 0x0000000100000000)
  eden space 130048K, 0% used [0x00000000eb300000,0x00000000eb300000,0x00000000f3200000)
  from space 10752K, 0% used [0x00000000f3f80000,0x00000000f3f80000,0x00000000f4a00000)
  to   space 13824K, 0% used [0x00000000f3200000,0x00000000f3200000,0x00000000f3f80000)
 ParOldGen       total 67584K, used 18469K [0x00000000c1800000, 0x00000000c5a00000, 0x00000000eb300000)
  object space 67584K, 27% used [0x00000000c1800000,0x00000000c2a09420,0x00000000c5a00000)
 Metaspace       used 33787K, capacity 35328K, committed 35416K, reserved 1079296K
  class space    used 4345K, capacity 4653K, committed 4736K, reserved 1048576K
}
Event: 18.897 GC heap before
{Heap before GC invocations=11 (full 2):
 PSYoungGen      total 140800K, used 130048K [0x00000000eb300000, 0x00000000f7e00000, 0x0000000100000000)
  eden space 130048K, 100% used [0x00000000eb300000,0x00000000f3200000,0x00000000f3200000)
  from space 10752K, 0% used [0x00000000f3f80000,0x00000000f3f80000,0x00000000f4a00000)
  to   space 13824K, 0% used [0x00000000f3200000,0x00000000f3200000,0x00000000f3f80000)
 ParOldGen       total 67584K, used 18469K [0x00000000c1800000, 0x00000000c5a00000, 0x00000000eb300000)
  object space 67584K, 27% used [0x00000000c1800000,0x00000000c2a09420,0x00000000c5a00000)
 Metaspace       used 48283K, capacity 50100K, committed 50392K, reserved 1093632K
  class space    used 6515K, capacity 6845K, committed 6912K, reserved 1048576K
Event: 18.928 GC heap after
Heap after GC invocations=11 (full 2):
 PSYoungGen      total 143872K, used 13802K [0x00000000eb300000, 0x00000000f6a80000, 0x0000000100000000)
  eden space 130048K, 0% used [0x00000000eb300000,0x00000000eb300000,0x00000000f3200000)
  from space 13824K, 99% used [0x00000000f3200000,0x00000000f3f7a8f8,0x00000000f3f80000)
  to   space 16896K, 0% used [0x00000000f5a00000,0x00000000f5a00000,0x00000000f6a80000)
 ParOldGen       total 67584K, used 21325K [0x00000000c1800000, 0x00000000c5a00000, 0x00000000eb300000)
  object space 67584K, 31% used [0x00000000c1800000,0x00000000c2cd3580,0x00000000c5a00000)
 Metaspace       used 48283K, capacity 50100K, committed 50392K, reserved 1093632K
  class space    used 6515K, capacity 6845K, committed 6912K, reserved 1048576K
}
Event: 26.462 GC heap before
{Heap before GC invocations=12 (full 2):
 PSYoungGen      total 143872K, used 129081K [0x00000000eb300000, 0x00000000f6a80000, 0x0000000100000000)
  eden space 130048K, 88% used [0x00000000eb300000,0x00000000f2393b48,0x00000000f3200000)
  from space 13824K, 99% used [0x00000000f3200000,0x00000000f3f7a8f8,0x00000000f3f80000)
  to   space 16896K, 0% used [0x00000000f5a00000,0x00000000f5a00000,0x00000000f6a80000)
 ParOldGen       total 67584K, used 21325K [0x00000000c1800000, 0x00000000c5a00000, 0x00000000eb300000)
  object space 67584K, 31% used [0x00000000c1800000,0x00000000c2cd3580,0x00000000c5a00000)
 Metaspace       used 56522K, capacity 58934K, committed 59028K, reserved 1099776K
  class space    used 7675K, capacity 8118K, committed 8192K, reserved 1048576K
Event: 26.505 GC heap after
Heap after GC invocations=12 (full 2):
 PSYoungGen      total 168448K, used 16165K [0x00000000eb300000, 0x00000000f6e00000, 0x0000000100000000)
  eden space 151552K, 0% used [0x00000000eb300000,0x00000000eb300000,0x00000000f4700000)
  from space 16896K, 95% used [0x00000000f5a00000,0x00000000f69c9468,0x00000000f6a80000)
  to   space 19456K, 0% used [0x00000000f4700000,0x00000000f4700000,0x00000000f5a00000)
 ParOldGen       total 67584K, used 21341K [0x00000000c1800000, 0x00000000c5a00000, 0x00000000eb300000)
  object space 67584K, 31% used [0x00000000c1800000,0x00000000c2cd7590,0x00000000c5a00000)
 Metaspace       used 56522K, capacity 58934K, committed 59028K, reserved 1099776K
  class space    used 7675K, capacity 8118K, committed 8192K, reserved 1048576K
}
Event: 26.505 GC heap before
{Heap before GC invocations=13 (full 3):
 PSYoungGen      total 168448K, used 16165K [0x00000000eb300000, 0x00000000f6e00000, 0x0000000100000000)
  eden space 151552K, 0% used [0x00000000eb300000,0x00000000eb300000,0x00000000f4700000)
  from space 16896K, 95% used [0x00000000f5a00000,0x00000000f69c9468,0x00000000f6a80000)
  to   space 19456K, 0% used [0x00000000f4700000,0x00000000f4700000,0x00000000f5a00000)
 ParOldGen       total 67584K, used 21341K [0x00000000c1800000, 0x00000000c5a00000, 0x00000000eb300000)
  object space 67584K, 31% used [0x00000000c1800000,0x00000000c2cd7590,0x00000000c5a00000)
 Metaspace       used 56522K, capacity 58934K, committed 59028K, reserved 1099776K
  class space    used 7675K, capacity 8118K, committed 8192K, reserved 1048576K
Event: 26.789 GC heap after
Heap after GC invocations=13 (full 3):
 PSYoungGen      total 168448K, used 0K [0x00000000eb300000, 0x00000000f6e00000, 0x0000000100000000)
  eden space 151552K, 0% used [0x00000000eb300000,0x00000000eb300000,0x00000000f4700000)
  from space 16896K, 0% used [0x00000000f5a00000,0x00000000f5a00000,0x00000000f6a80000)
  to   space 19456K, 0% used [0x00000000f4700000,0x00000000f4700000,0x00000000f5a00000)
 ParOldGen       total 97792K, used 29606K [0x00000000c1800000, 0x00000000c7780000, 0x00000000eb300000)
  object space 97792K, 30% used [0x00000000c1800000,0x00000000c34e9bc0,0x00000000c7780000)
 Metaspace       used 56522K, capacity 58934K, committed 59028K, reserved 1099776K
  class space    used 7675K, capacity 8118K, committed 8192K, reserved 1048576K
}
Event: 2422.602 GC heap before
{Heap before GC invocations=14 (full 3):
 PSYoungGen      total 168448K, used 151268K [0x00000000eb300000, 0x00000000f6e00000, 0x0000000100000000)
  eden space 151552K, 99% used [0x00000000eb300000,0x00000000f46b9040,0x00000000f4700000)
  from space 16896K, 0% used [0x00000000f5a00000,0x00000000f5a00000,0x00000000f6a80000)
  to   space 19456K, 0% used [0x00000000f4700000,0x00000000f4700000,0x00000000f5a00000)
 ParOldGen       total 97792K, used 29606K [0x00000000c1800000, 0x00000000c7780000, 0x00000000eb300000)
  object space 97792K, 30% used [0x00000000c1800000,0x00000000c34e9bc0,0x00000000c7780000)
 Metaspace       used 66280K, capacity 69592K, committed 69720K, reserved 1110016K
  class space    used 8969K, capacity 9517K, committed 9600K, reserved 1048576K
Event: 2438.783 GC heap after
Heap after GC invocations=14 (full 3):
 PSYoungGen      total 161280K, used 14620K [0x00000000eb300000, 0x00000000f6a00000, 0x0000000100000000)
  eden space 146432K, 0% used [0x00000000eb300000,0x00000000eb300000,0x00000000f4200000)
  from space 14848K, 98% used [0x00000000f4700000,0x00000000f5547030,0x00000000f5580000)
  to   space 20480K, 0% used [0x00000000f5600000,0x00000000f5600000,0x00000000f6a00000)
 ParOldGen       total 97792K, used 29614K [0x00000000c1800000, 0x00000000c7780000, 0x00000000eb300000)
  object space 97792K, 30% used [0x00000000c1800000,0x00000000c34ebbc0,0x00000000c7780000)
 Metaspace       used 66280K, capacity 69592K, committed 69720K, reserved 1110016K
  class space    used 8969K, capacity 9517K, committed 9600K, reserved 1048576K
}

