# JRE version: Java(TM) SE Runtime Environment (8.0_221-b11) (build 1.8.0_221-b11)
# Java VM: Java HotSpot(TM) 64-Bit Server VM (25.221-b11 mixed mode windows-amd64 compressed oops)
Heap:
 PSYoungGen      total 158208K, used 21688K [0x00000000eb300000, 0x00000000f6f80000, 0x0000000100000000)
  eden space 144384K, 8% used [0x00000000eb300000,0x00000000ebe7a540,0x00000000f4000000)
  from space 13824K, 71% used [0x00000000f4000000,0x00000000f49b3e08,0x00000000f4d80000)
  to   space 14848K, 0% used [0x00000000f6100000,0x00000000f6100000,0x00000000f6f80000)
 ParOldGen       total 75776K, used 24841K [0x00000000c1800000, 0x00000000c6200000, 0x00000000eb300000)
  object space 75776K, 32% used [0x00000000c1800000,0x00000000c3042578,0x00000000c6200000)
 Metaspace       used 63158K, capacity 66102K, committed 66392K, reserved 1105920K
  class space    used 8578K, capacity 9052K, committed 9088K, reserved 1048576K
GC Heap History (10 events):
Event: 26.178 GC heap before
{Heap before GC invocations=18 (full 2):
 PSYoungGen      total 99840K, used 93184K [0x00000000eb300000, 0x00000000f4300000, 0x0000000100000000)
  eden space 93184K, 100% used [0x00000000eb300000,0x00000000f0e00000,0x00000000f0e00000)
  from space 6656K, 0% used [0x00000000f0e00000,0x00000000f0e00000,0x00000000f1480000)
  to   space 7168K, 0% used [0x00000000f3c00000,0x00000000f3c00000,0x00000000f4300000)
 ParOldGen       total 50176K, used 14654K [0x00000000c1800000, 0x00000000c4900000, 0x00000000eb300000)
  object space 50176K, 29% used [0x00000000c1800000,0x00000000c264fb38,0x00000000c4900000)
 Metaspace       used 44058K, capacity 45832K, committed 46208K, reserved 1089536K
  class space    used 5875K, capacity 6223K, committed 6272K, reserved 1048576K
Event: 26.208 GC heap after
Heap after GC invocations=18 (full 2):
 PSYoungGen      total 128000K, used 7139K [0x00000000eb300000, 0x00000000f4300000, 0x0000000100000000)
  eden space 120832K, 0% used [0x00000000eb300000,0x00000000eb300000,0x00000000f2900000)
  from space 7168K, 99% used [0x00000000f3c00000,0x00000000f42f8e60,0x00000000f4300000)
  to   space 10240K, 0% used [0x00000000f2f00000,0x00000000f2f00000,0x00000000f3900000)
 ParOldGen       total 50176K, used 19941K [0x00000000c1800000, 0x00000000c4900000, 0x00000000eb300000)
  object space 50176K, 39% used [0x00000000c1800000,0x00000000c2b79668,0x00000000c4900000)
 Metaspace       used 44058K, capacity 45832K, committed 46208K, reserved 1089536K
  class space    used 5875K, capacity 6223K, committed 6272K, reserved 1048576K
}
Event: 30.835 GC heap before
{Heap before GC invocations=19 (full 2):
 PSYoungGen      total 128000K, used 127971K [0x00000000eb300000, 0x00000000f4300000, 0x0000000100000000)
  eden space 120832K, 100% used [0x00000000eb300000,0x00000000f2900000,0x00000000f2900000)
  from space 7168K, 99% used [0x00000000f3c00000,0x00000000f42f8e60,0x00000000f4300000)
  to   space 10240K, 0% used [0x00000000f2f00000,0x00000000f2f00000,0x00000000f3900000)
 ParOldGen       total 50176K, used 19941K [0x00000000c1800000, 0x00000000c4900000, 0x00000000eb300000)
  object space 50176K, 39% used [0x00000000c1800000,0x00000000c2b79668,0x00000000c4900000)
 Metaspace       used 55092K, capacity 57480K, committed 57600K, reserved 1099776K
  class space    used 7504K, capacity 7917K, committed 7936K, reserved 1048576K
Event: 30.879 GC heap after
Heap after GC invocations=19 (full 2):
 PSYoungGen      total 137216K, used 10210K [0x00000000eb300000, 0x00000000f5b80000, 0x0000000100000000)
  eden space 126976K, 0% used [0x00000000eb300000,0x00000000eb300000,0x00000000f2f00000)
  from space 10240K, 99% used [0x00000000f2f00000,0x00000000f38f8a80,0x00000000f3900000)
  to   space 14336K, 0% used [0x00000000f4d80000,0x00000000f4d80000,0x00000000f5b80000)
 ParOldGen       total 50176K, used 26642K [0x00000000c1800000, 0x00000000c4900000, 0x00000000eb300000)
  object space 50176K, 53% used [0x00000000c1800000,0x00000000c3204a40,0x00000000c4900000)
 Metaspace       used 55092K, capacity 57480K, committed 57600K, reserved 1099776K
  class space    used 7504K, capacity 7917K, committed 7936K, reserved 1048576K
}
Event: 31.915 GC heap before
{Heap before GC invocations=20 (full 2):
 PSYoungGen      total 137216K, used 46194K [0x00000000eb300000, 0x00000000f5b80000, 0x0000000100000000)
  eden space 126976K, 28% used [0x00000000eb300000,0x00000000ed623f70,0x00000000f2f00000)
  from space 10240K, 99% used [0x00000000f2f00000,0x00000000f38f8a80,0x00000000f3900000)
  to   space 14336K, 0% used [0x00000000f4d80000,0x00000000f4d80000,0x00000000f5b80000)
 ParOldGen       total 50176K, used 26642K [0x00000000c1800000, 0x00000000c4900000, 0x00000000eb300000)
  object space 50176K, 53% used [0x00000000c1800000,0x00000000c3204a40,0x00000000c4900000)
 Metaspace       used 56566K, capacity 58982K, committed 59096K, reserved 1099776K
  class space    used 7684K, capacity 8126K, committed 8192K, reserved 1048576K
Event: 31.944 GC heap after
Heap after GC invocations=20 (full 2):
 PSYoungGen      total 158720K, used 2908K [0x00000000eb300000, 0x00000000f6580000, 0x0000000100000000)
  eden space 144384K, 0% used [0x00000000eb300000,0x00000000eb300000,0x00000000f4000000)
  from space 14336K, 20% used [0x00000000f4d80000,0x00000000f50572a0,0x00000000f5b80000)
  to   space 13824K, 0% used [0x00000000f4000000,0x00000000f4000000,0x00000000f4d80000)
 ParOldGen       total 50176K, used 30550K [0x00000000c1800000, 0x00000000c4900000, 0x00000000eb300000)
  object space 50176K, 60% used [0x00000000c1800000,0x00000000c35d5be0,0x00000000c4900000)
 Metaspace       used 56566K, capacity 58982K, committed 59096K, reserved 1099776K
  class space    used 7684K, capacity 8126K, committed 8192K, reserved 1048576K
}
Event: 31.944 GC heap before
{Heap before GC invocations=21 (full 3):
 PSYoungGen      total 158720K, used 2908K [0x00000000eb300000, 0x00000000f6580000, 0x0000000100000000)
  eden space 144384K, 0% used [0x00000000eb300000,0x00000000eb300000,0x00000000f4000000)
  from space 14336K, 20% used [0x00000000f4d80000,0x00000000f50572a0,0x00000000f5b80000)
  to   space 13824K, 0% used [0x00000000f4000000,0x00000000f4000000,0x00000000f4d80000)
 ParOldGen       total 50176K, used 30550K [0x00000000c1800000, 0x00000000c4900000, 0x00000000eb300000)
  object space 50176K, 60% used [0x00000000c1800000,0x00000000c35d5be0,0x00000000c4900000)
 Metaspace       used 56566K, capacity 58982K, committed 59096K, reserved 1099776K
  class space    used 7684K, capacity 8126K, committed 8192K, reserved 1048576K
Event: 32.464 GC heap after
Heap after GC invocations=21 (full 3):
 PSYoungGen      total 158720K, used 0K [0x00000000eb300000, 0x00000000f6580000, 0x0000000100000000)
  eden space 144384K, 0% used [0x00000000eb300000,0x00000000eb300000,0x00000000f4000000)
  from space 14336K, 0% used [0x00000000f4d80000,0x00000000f4d80000,0x00000000f5b80000)
  to   space 13824K, 0% used [0x00000000f4000000,0x00000000f4000000,0x00000000f4d80000)
 ParOldGen       total 75776K, used 24833K [0x00000000c1800000, 0x00000000c6200000, 0x00000000eb300000)
  object space 75776K, 32% used [0x00000000c1800000,0x00000000c3040578,0x00000000c6200000)
 Metaspace       used 56566K, capacity 58982K, committed 59096K, reserved 1099776K
  class space    used 7684K, capacity 8126K, committed 8192K, reserved 1048576K
}
Event: 1991.849 GC heap before
{Heap before GC invocations=22 (full 3):
 PSYoungGen      total 158720K, used 144384K [0x00000000eb300000, 0x00000000f6580000, 0x0000000100000000)
  eden space 144384K, 100% used [0x00000000eb300000,0x00000000f4000000,0x00000000f4000000)
  from space 14336K, 0% used [0x00000000f4d80000,0x00000000f4d80000,0x00000000f5b80000)
  to   space 13824K, 0% used [0x00000000f4000000,0x00000000f4000000,0x00000000f4d80000)
 ParOldGen       total 75776K, used 24833K [0x00000000c1800000, 0x00000000c6200000, 0x00000000eb300000)
  object space 75776K, 32% used [0x00000000c1800000,0x00000000c3040578,0x00000000c6200000)
 Metaspace       used 63080K, capacity 65968K, committed 66136K, reserved 1105920K
  class space    used 8577K, capacity 9051K, committed 9088K, reserved 1048576K
Event: 1991.873 GC heap after
Heap after GC invocations=22 (full 3):
 PSYoungGen      total 158208K, used 9935K [0x00000000eb300000, 0x00000000f6f80000, 0x0000000100000000)
  eden space 144384K, 0% used [0x00000000eb300000,0x00000000eb300000,0x00000000f4000000)
  from space 13824K, 71% used [0x00000000f4000000,0x00000000f49b3e08,0x00000000f4d80000)
  to   space 14848K, 0% used [0x00000000f6100000,0x00000000f6100000,0x00000000f6f80000)
 ParOldGen       total 75776K, used 24841K [0x00000000c1800000, 0x00000000c6200000, 0x00000000eb300000)
  object space 75776K, 32% used [0x00000000c1800000,0x00000000c3042578,0x00000000c6200000)
 Metaspace       used 63080K, capacity 65968K, committed 66136K, reserved 1105920K
  class space    used 8577K, capacity 9051K, committed 9088K, reserved 1048576K
}

