# JRE version: Java(TM) SE Runtime Environment (8.0_221-b11) (build 1.8.0_221-b11)
# Java VM: Java HotSpot(TM) 64-Bit Server VM (25.221-b11 mixed mode windows-amd64 compressed oops)
Heap:
 PSYoungGen      total 176128K, used 63994K [0x00000000eb300000, 0x00000000f7200000, 0x0000000100000000)
  eden space 161792K, 39% used [0x00000000eb300000,0x00000000ef17ea18,0x00000000f5100000)
  from space 14336K, 0% used [0x00000000f6380000,0x00000000f6380000,0x00000000f7180000)
  to   space 16896K, 0% used [0x00000000f5100000,0x00000000f5100000,0x00000000f6180000)
 ParOldGen       total 75776K, used 25006K [0x00000000c1800000, 0x00000000c6200000, 0x00000000eb300000)
  object space 75776K, 33% used [0x00000000c1800000,0x00000000c306b8d8,0x00000000c6200000)
 Metaspace       used 61183K, capacity 63852K, committed 64088K, reserved 1103872K
  class space    used 8333K, capacity 8799K, committed 8832K, reserved 1048576K
GC Heap History (10 events):
Event: 46.931 GC heap before
{Heap before GC invocations=11 (full 1):
 PSYoungGen      total 133632K, used 55900K [0x00000000eb300000, 0x00000000f4280000, 0x0000000100000000)
  eden space 126464K, 38% used [0x00000000eb300000,0x00000000ee2984c8,0x00000000f2e80000)
  from space 7168K, 99% used [0x00000000f3000000,0x00000000f36febe8,0x00000000f3700000)
  to   space 10240K, 0% used [0x00000000f3880000,0x00000000f3880000,0x00000000f4280000)
 ParOldGen       total 33280K, used 11433K [0x00000000c1800000, 0x00000000c3880000, 0x00000000eb300000)
  object space 33280K, 34% used [0x00000000c1800000,0x00000000c232a578,0x00000000c3880000)
 Metaspace       used 33788K, capacity 35304K, committed 35416K, reserved 1079296K
  class space    used 4336K, capacity 4643K, committed 4736K, reserved 1048576K
Event: 46.968 GC heap after
Heap after GC invocations=11 (full 1):
 PSYoungGen      total 136192K, used 8773K [0x00000000eb300000, 0x00000000f6880000, 0x0000000100000000)
  eden space 125952K, 0% used [0x00000000eb300000,0x00000000eb300000,0x00000000f2e00000)
  from space 10240K, 85% used [0x00000000f3880000,0x00000000f41114a0,0x00000000f4280000)
  to   space 10752K, 0% used [0x00000000f2e00000,0x00000000f2e00000,0x00000000f3880000)
 ParOldGen       total 33280K, used 11441K [0x00000000c1800000, 0x00000000c3880000, 0x00000000eb300000)
  object space 33280K, 34% used [0x00000000c1800000,0x00000000c232c578,0x00000000c3880000)
 Metaspace       used 33788K, capacity 35304K, committed 35416K, reserved 1079296K
  class space    used 4336K, capacity 4643K, committed 4736K, reserved 1048576K
}
Event: 46.968 GC heap before
{Heap before GC invocations=12 (full 2):
 PSYoungGen      total 136192K, used 8773K [0x00000000eb300000, 0x00000000f6880000, 0x0000000100000000)
  eden space 125952K, 0% used [0x00000000eb300000,0x00000000eb300000,0x00000000f2e00000)
  from space 10240K, 85% used [0x00000000f3880000,0x00000000f41114a0,0x00000000f4280000)
  to   space 10752K, 0% used [0x00000000f2e00000,0x00000000f2e00000,0x00000000f3880000)
 ParOldGen       total 33280K, used 11441K [0x00000000c1800000, 0x00000000c3880000, 0x00000000eb300000)
  object space 33280K, 34% used [0x00000000c1800000,0x00000000c232c578,0x00000000c3880000)
 Metaspace       used 33788K, capacity 35304K, committed 35416K, reserved 1079296K
  class space    used 4336K, capacity 4643K, committed 4736K, reserved 1048576K
Event: 47.112 GC heap after
Heap after GC invocations=12 (full 2):
 PSYoungGen      total 136192K, used 0K [0x00000000eb300000, 0x00000000f6880000, 0x0000000100000000)
  eden space 125952K, 0% used [0x00000000eb300000,0x00000000eb300000,0x00000000f2e00000)
  from space 10240K, 0% used [0x00000000f3880000,0x00000000f3880000,0x00000000f4280000)
  to   space 10752K, 0% used [0x00000000f2e00000,0x00000000f2e00000,0x00000000f3880000)
 ParOldGen       total 52224K, used 13704K [0x00000000c1800000, 0x00000000c4b00000, 0x00000000eb300000)
  object space 52224K, 26% used [0x00000000c1800000,0x00000000c25623f0,0x00000000c4b00000)
 Metaspace       used 33788K, capacity 35304K, committed 35416K, reserved 1079296K
  class space    used 4336K, capacity 4643K, committed 4736K, reserved 1048576K
}
Event: 102.144 GC heap before
{Heap before GC invocations=13 (full 2):
 PSYoungGen      total 136192K, used 125952K [0x00000000eb300000, 0x00000000f6880000, 0x0000000100000000)
  eden space 125952K, 100% used [0x00000000eb300000,0x00000000f2e00000,0x00000000f2e00000)
  from space 10240K, 0% used [0x00000000f3880000,0x00000000f3880000,0x00000000f4280000)
  to   space 10752K, 0% used [0x00000000f2e00000,0x00000000f2e00000,0x00000000f3880000)
 ParOldGen       total 52224K, used 13704K [0x00000000c1800000, 0x00000000c4b00000, 0x00000000eb300000)
  object space 52224K, 26% used [0x00000000c1800000,0x00000000c25623f0,0x00000000c4b00000)
 Metaspace       used 48395K, capacity 50126K, committed 50520K, reserved 1093632K
  class space    used 6596K, capacity 6922K, committed 7040K, reserved 1048576K
Event: 102.225 GC heap after
Heap after GC invocations=13 (full 2):
 PSYoungGen      total 136704K, used 10727K [0x00000000eb300000, 0x00000000f7180000, 0x0000000100000000)
  eden space 125952K, 0% used [0x00000000eb300000,0x00000000eb300000,0x00000000f2e00000)
  from space 10752K, 99% used [0x00000000f2e00000,0x00000000f3879fb0,0x00000000f3880000)
  to   space 14336K, 0% used [0x00000000f6380000,0x00000000f6380000,0x00000000f7180000)
 ParOldGen       total 52224K, used 19538K [0x00000000c1800000, 0x00000000c4b00000, 0x00000000eb300000)
  object space 52224K, 37% used [0x00000000c1800000,0x00000000c2b148f8,0x00000000c4b00000)
 Metaspace       used 48395K, capacity 50126K, committed 50520K, reserved 1093632K
  class space    used 6596K, capacity 6922K, committed 7040K, reserved 1048576K
}
Event: 200.797 GC heap before
{Heap before GC invocations=14 (full 2):
 PSYoungGen      total 136704K, used 122634K [0x00000000eb300000, 0x00000000f7180000, 0x0000000100000000)
  eden space 125952K, 88% used [0x00000000eb300000,0x00000000f2048940,0x00000000f2e00000)
  from space 10752K, 99% used [0x00000000f2e00000,0x00000000f3879fb0,0x00000000f3880000)
  to   space 14336K, 0% used [0x00000000f6380000,0x00000000f6380000,0x00000000f7180000)
 ParOldGen       total 52224K, used 19538K [0x00000000c1800000, 0x00000000c4b00000, 0x00000000eb300000)
  object space 52224K, 37% used [0x00000000c1800000,0x00000000c2b148f8,0x00000000c4b00000)
 Metaspace       used 56363K, capacity 58934K, committed 59028K, reserved 1099776K
  class space    used 7722K, capacity 8160K, committed 8192K, reserved 1048576K
Event: 200.915 GC heap after
Heap after GC invocations=14 (full 2):
 PSYoungGen      total 176128K, used 14323K [0x00000000eb300000, 0x00000000f7200000, 0x0000000100000000)
  eden space 161792K, 0% used [0x00000000eb300000,0x00000000eb300000,0x00000000f5100000)
  from space 14336K, 99% used [0x00000000f6380000,0x00000000f717cff8,0x00000000f7180000)
  to   space 16896K, 0% used [0x00000000f5100000,0x00000000f5100000,0x00000000f6180000)
 ParOldGen       total 52224K, used 20054K [0x00000000c1800000, 0x00000000c4b00000, 0x00000000eb300000)
  object space 52224K, 38% used [0x00000000c1800000,0x00000000c2b95998,0x00000000c4b00000)
 Metaspace       used 56363K, capacity 58934K, committed 59028K, reserved 1099776K
  class space    used 7722K, capacity 8160K, committed 8192K, reserved 1048576K
}
Event: 200.915 GC heap before
{Heap before GC invocations=15 (full 3):
 PSYoungGen      total 176128K, used 14323K [0x00000000eb300000, 0x00000000f7200000, 0x0000000100000000)
  eden space 161792K, 0% used [0x00000000eb300000,0x00000000eb300000,0x00000000f5100000)
  from space 14336K, 99% used [0x00000000f6380000,0x00000000f717cff8,0x00000000f7180000)
  to   space 16896K, 0% used [0x00000000f5100000,0x00000000f5100000,0x00000000f6180000)
 ParOldGen       total 52224K, used 20054K [0x00000000c1800000, 0x00000000c4b00000, 0x00000000eb300000)
  object space 52224K, 38% used [0x00000000c1800000,0x00000000c2b95998,0x00000000c4b00000)
 Metaspace       used 56363K, capacity 58934K, committed 59028K, reserved 1099776K
  class space    used 7722K, capacity 8160K, committed 8192K, reserved 1048576K
Event: 201.604 GC heap after
Heap after GC invocations=15 (full 3):
 PSYoungGen      total 176128K, used 0K [0x00000000eb300000, 0x00000000f7200000, 0x0000000100000000)
  eden space 161792K, 0% used [0x00000000eb300000,0x00000000eb300000,0x00000000f5100000)
  from space 14336K, 0% used [0x00000000f6380000,0x00000000f6380000,0x00000000f7180000)
  to   space 16896K, 0% used [0x00000000f5100000,0x00000000f5100000,0x00000000f6180000)
 ParOldGen       total 75776K, used 25006K [0x00000000c1800000, 0x00000000c6200000, 0x00000000eb300000)
  object space 75776K, 33% used [0x00000000c1800000,0x00000000c306b8d8,0x00000000c6200000)
 Metaspace       used 56363K, capacity 58934K, committed 59028K, reserved 1099776K
  class space    used 7722K, capacity 8160K, committed 8192K, reserved 1048576K
}

